> Task :clean

> Task :compileJava
C:\Users\range\.redhat\src\main\java\com\sichrplace\backend\model\User.java:67: warning: @Builder will ignore the initializing expression entirely. If you want the initializing expression to serve as default, add @Builder.Default. If it is not supposed to be settable during building, make the field final.
    private int failedLoginAttempts = 0;
                ^
Note: C:\Users\range\.redhat\src\main\java\com\sichrplace\backend\config\GlobalExceptionHandler.java uses or overrides a deprecated API.
Note: Recompile with -Xlint:deprecation for details.
1 warning

> Task :processResources
> Task :classes

> Task :compileTestJava
Note: Some input files use or override a deprecated API.
Note: Recompile with -Xlint:deprecation for details.
Note: Some input files use unchecked or unsafe operations.
Note: Recompile with -Xlint:unchecked for details.

> Task :processTestResources
> Task :testClasses
OpenJDK 64-Bit Server VM warning: Sharing is only supported for boot loader classes because bootstrap classpath has been appended
> Task :test

2026-02-22 22:53:59.930 [SpringApplicationShutdownHook] INFO  o.s.m.s.b.SimpleBrokerMessageHandler - Stopping...
2026-02-22 22:53:59.930 [SpringApplicationShutdownHook] INFO  o.s.m.s.b.SimpleBrokerMessageHandler - BrokerAvailabilityEvent[available=false, SimpleBrokerMessageHandler [org.springframework.messaging.simp.broker.DefaultSubscriptionRegistry@5ac70685]]
2026-02-22 22:53:59.930 [SpringApplicationShutdownHook] INFO  o.s.m.s.b.SimpleBrokerMessageHandler - Stopped.
2026-02-22 22:53:59.944 [SpringApplicationShutdownHook] INFO  o.s.o.j.LocalContainerEntityManagerFactoryBean - Closing JPA EntityManagerFactory for persistence unit 'default'
2026-02-22 22:54:00.564 [SpringApplicationShutdownHook] INFO  com.zaxxer.hikari.HikariDataSource - HikariPool-1 - Shutdown initiated...
2026-02-22 22:54:00.566 [SpringApplicationShutdownHook] INFO  com.zaxxer.hikari.HikariDataSource - HikariPool-1 - Shutdown completed.
2026-02-22 22:54:00.568 [SpringApplicationShutdownHook] INFO  o.s.m.s.b.SimpleBrokerMessageHandler - Stopping...
2026-02-22 22:54:00.568 [SpringApplicationShutdownHook] INFO  o.s.m.s.b.SimpleBrokerMessageHandler - BrokerAvailabilityEvent[available=false, SimpleBrokerMessageHandler [org.springframework.messaging.simp.broker.DefaultSubscriptionRegistry@1e82400]]
2026-02-22 22:54:00.568 [SpringApplicationShutdownHook] INFO  o.s.m.s.b.SimpleBrokerMessageHandler - Stopped.
2026-02-22 22:54:00.574 [SpringApplicationShutdownHook] INFO  o.s.o.j.LocalContainerEntityManagerFactoryBean - Closing JPA EntityManagerFactory for persistence unit 'default'
2026-02-22 22:54:00.578 [SpringApplicationShutdownHook] INFO  com.zaxxer.hikari.HikariDataSource - HikariPool-2 - Shutdown initiated...
2026-02-22 22:54:00.579 [SpringApplicationShutdownHook] INFO  com.zaxxer.hikari.HikariDataSource - HikariPool-2 - Shutdown completed.

> Task :jacocoTestReport
> Task :jacocoTestCoverageVerification
> Task :testWithCoverage

> Task :checkCoco

????????????????????????????????????????????????????????????
?           COCO — Code Coverage Objectives               ?
????????????????????????????????????????????????????????????
? ? security              100,0% /  95%                   ?
? ? controller             99,2% /  99%                   ?
? ? config                 48,1% /  20%                   ?
? ? service                99,1% /  99%                   ?
? ? dto                    99,1% /  20%                   ?
? ? repository              1,4% /   0%                   ?
? ? model                  96,0% /  12%                   ?
? ? OVERALL                85,7% /  60%                   ?
????????????????????????????????????????????????????????????
? All COCO rules passed.

Deprecated Gradle features were used in this build, making it incompatible with Gradle 9.0.

You can use '--warning-mode all' to show the individual deprecation warnings and determine if they come from your own scripts or plugins.

For more on this, please refer to https://docs.gradle.org/8.5/userguide/command_line_interface.html#sec:command_line_warnings in the Gradle documentation.

BUÝLD SUCCESSFUL in 1m
9 actionable tasks: 9 executed
