> Task :clean

> Task :compileJava
.\gradlew.bat : C:\Users\range\.redhat\src\main\java\com\sichrplace\backend\model\User.java:67: warning: @Builder will ignore the initializi
ng expression entirely. If you want the initializing expression to serve as default, add @Builder.Default. If it is not supposed to be setta
ble during building, make the field final.
At line:1 char:1
+ .\gradlew.bat clean testWithCoverage checkCoco 2>&1 | Out-File -FileP ...
+ ~~~~~~~~~~~~~~~~~~~~~~~~~~~~~~~~~~~~~~~~~~~~~~~~~~~
    + CategoryInfo          : NotSpecified: (C:\Users\range\...he field final.:String) [], RemoteException
    + FullyQualifiedErrorId : NativeCommandError
 
    private int failedLoginAttempts = 0;
                ^
Note: C:\Users\range\.redhat\src\main\java\com\sichrplace\backend\config\GlobalExceptionHandler.java uses or overrides a deprecated API.
Note: Recompile with -Xlint:deprecation for details.
1 warning

> Task :processResources
> Task :classes

> Task :compileTestJava
Note: Some input files use or override a deprecated API.
Note: Recompile with -Xlint:deprecation for details.
Note: Some input files use unchecked or unsafe operations.
Note: Recompile with -Xlint:unchecked for details.

> Task :processTestResources
> Task :testClasses
OpenJDK 64-Bit Server VM warning: Sharing is only supported for boot loader classes because bootstrap classpath has been appended
