> Task :compileJava UP-TO-DATE
> Task :processResources UP-TO-DATE
> Task :classes UP-TO-DATE
> Task :compileTestJava UP-TO-DATE
> Task :processTestResources UP-TO-DATE
> Task :testClasses UP-TO-DATE
> Task :test UP-TO-DATE
> Task :jacocoTestReport UP-TO-DATE
> Task :jacocoTestCoverageVerification UP-TO-DATE
> Task :testWithCoverage UP-TO-DATE

> Task :checkCoco

????????????????????????????????????????????????????????????
?           COCO — Code Coverage Objectives               ?
????????????????????????????????????????????????????????????
? ? security              100,0% /  95%                   ?
? ? controller             99,2% /  99%                   ?
? ? config                 48,1% /  20%                   ?
? ? service                99,1% /  99%                   ?
? ? dto                    99,1% /  20%                   ?
? ? repository              1,4% /   0%                   ?
? ? model                  96,0% /  12%                   ?
? ? OVERALL                85,9% /  60%                   ?
????????????????????????????????????????????????????????????
? All COCO rules passed.

BUÝLD SUCCESSFUL in 1s
8 actionable tasks: 1 executed, 7 up-to-date
